# Logfile created on 2019-05-18 11:19:48 +0000 by logger.rb/56438
I, [2019-05-18T11:26:47.326174 #1]  INFO -- : Headerが渡ってきているかチェック(callback)
I, [2019-05-18T11:26:47.326924 #1]  INFO -- : {"Content-Type"=>nil}
I, [2019-05-18T11:27:53.032801 #1]  INFO -- : Headerが渡ってきているかチェック
I, [2019-05-18T11:27:53.033444 #1]  INFO -- : {"Content-Type"=>nil}
I, [2019-05-18T11:43:30.216867 #1]  INFO -- : Headerが渡ってきているかチェック(callback)
I, [2019-05-18T11:43:30.217842 #1]  INFO -- : {"Content-Type"=>nil}
I, [2019-05-18T11:46:57.973840 #1]  INFO -- : Headerが渡ってきているかチェック(callback)
I, [2019-05-18T11:46:57.974625 #1]  INFO -- : {"Content-Type"=>nil}
I, [2019-05-18T11:47:18.928986 #1]  INFO -- : Headerが渡ってきているかチェック(callback)
I, [2019-05-18T11:47:18.929371 #1]  INFO -- : {"Content-Type"=>nil}
I, [2019-05-18T12:01:26.319313 #1]  INFO -- : Headerが渡ってきているかチェック(callback)
I, [2019-05-18T12:01:26.320143 #1]  INFO -- : {"Content-Type"=>nil}
I, [2019-05-18T12:01:30.335580 #1]  INFO -- : Headerが渡ってきているかチェック(callback)
I, [2019-05-18T12:01:30.336418 #1]  INFO -- : {"Content-Type"=>nil}
I, [2019-05-18T12:01:34.362938 #1]  INFO -- : Headerが渡ってきているかチェック(callback)
I, [2019-05-18T12:01:34.363443 #1]  INFO -- : {"Content-Type"=>nil}
I, [2019-05-18T12:01:38.331701 #1]  INFO -- : Headerが渡ってきているかチェック(callback)
I, [2019-05-18T12:01:38.332606 #1]  INFO -- : {"Content-Type"=>nil}
I, [2019-05-18T12:01:42.267346 #1]  INFO -- : Headerが渡ってきているかチェック(callback)
I, [2019-05-18T12:01:42.267841 #1]  INFO -- : {"Content-Type"=>nil}
I, [2019-05-18T12:03:46.052261 #1]  INFO -- : Headerが渡ってきているかチェック
I, [2019-05-18T12:03:46.052996 #1]  INFO -- : {"Content-Type"=>nil}
I, [2019-05-18T12:04:52.469432 #1]  INFO -- : Headerが渡ってきているかチェック(callback)
I, [2019-05-18T12:04:52.470446 #1]  INFO -- : {"Content-Type"=>nil}
I, [2019-05-18T12:09:58.082579 #1]  INFO -- : Headerが渡ってきているかチェック(callback)
I, [2019-05-18T12:09:58.083234 #1]  INFO -- : {"Content-Type"=>nil}
I, [2019-05-18T12:16:06.585285 #1]  INFO -- : Headerが渡ってきているかチェック(callback)
I, [2019-05-18T12:16:06.586289 #1]  INFO -- : {"Content-Type"=>nil}
I, [2019-05-18T12:19:04.148194 #1]  INFO -- : Headerが渡ってきているかチェック(callback)
I, [2019-05-18T12:19:04.148494 #1]  INFO -- : {"Content-Type"=>nil}
I, [2019-05-18T12:19:44.768826 #1]  INFO -- : Headerが渡ってきているかチェック
I, [2019-05-18T12:19:44.769511 #1]  INFO -- : {"Content-Type"=>nil}
I, [2019-05-18T12:20:12.210066 #1]  INFO -- : Headerが渡ってきているかチェック(callback)
I, [2019-05-18T12:20:12.210445 #1]  INFO -- : {"Content-Type"=>nil}
I, [2019-05-18T12:22:14.230958 #1]  INFO -- : Headerが渡ってきているかチェック(callback)
I, [2019-05-18T12:22:14.231791 #1]  INFO -- : {"Content-Type"=>nil}
I, [2019-05-18T12:22:47.896047 #1]  INFO -- : Headerが渡ってきているかチェック
I, [2019-05-18T12:22:47.896399 #1]  INFO -- : {"Content-Type"=>nil}
I, [2019-05-18T12:23:09.726639 #1]  INFO -- : Headerが渡ってきているかチェック(callback)
I, [2019-05-18T12:23:09.727296 #1]  INFO -- : {"Content-Type"=>nil}
I, [2019-05-18T12:25:08.085370 #1]  INFO -- : Headerが渡ってきているかチェック
I, [2019-05-18T12:25:08.085997 #1]  INFO -- : {"Content-Type"=>nil}
I, [2019-05-18T12:25:28.957299 #1]  INFO -- : Headerが渡ってきているかチェック(callback)
I, [2019-05-18T12:25:28.957708 #1]  INFO -- : {"Content-Type"=>nil}
I, [2019-05-18T12:28:56.150392 #1]  INFO -- : Headerが渡ってきているかチェック(callback)
I, [2019-05-18T12:28:56.151515 #1]  INFO -- : {"Content-Type"=>nil}
I, [2019-05-18T12:30:33.510115 #1]  INFO -- : Headerが渡ってきているかチェック(callback)
I, [2019-05-18T12:30:33.510364 #1]  INFO -- : {"Content-Type"=>nil}
I, [2019-05-18T12:31:13.926000 #1]  INFO -- : Headerが渡ってきているかチェック
I, [2019-05-18T12:31:13.926255 #1]  INFO -- : {"Content-Type"=>nil}
I, [2019-05-18T12:31:30.255931 #1]  INFO -- : Headerが渡ってきているかチェック(callback)
I, [2019-05-18T12:31:30.256351 #1]  INFO -- : {"Content-Type"=>nil}
I, [2019-05-18T12:41:53.996817 #1]  INFO -- : Headerが渡ってきているかチェック(callback)
I, [2019-05-18T12:41:53.997484 #1]  INFO -- : {"Content-Type"=>nil}
I, [2019-05-18T12:43:16.727449 #1]  INFO -- : Headerが渡ってきているかチェック
I, [2019-05-18T12:43:16.728088 #1]  INFO -- : {"Content-Type"=>nil}
I, [2019-05-18T12:43:47.240384 #1]  INFO -- : Headerが渡ってきているかチェック(callback)
I, [2019-05-18T12:43:47.240768 #1]  INFO -- : {"Content-Type"=>nil}
I, [2019-05-18T21:51:00.899622 #31601]  INFO -- : Headerが渡ってきているかチェック(callback)
I, [2019-05-18T21:51:00.900051 #31601]  INFO -- : {"Content-Type"=>nil}
I, [2019-05-18T21:54:06.667633 #31827]  INFO -- : Headerが渡ってきているかチェック
I, [2019-05-18T21:54:06.668882 #31827]  INFO -- : {"Content-Type"=>nil}
I, [2019-05-18T12:58:34.164487 #1]  INFO -- : Headerが渡ってきているかチェック(callback)
I, [2019-05-18T12:58:34.165266 #1]  INFO -- : {"Content-Type"=>nil}
I, [2019-05-18T12:58:34.165564 #1]  INFO -- : {"SERVER_NAME"=>"localhost", "SERVER_PORT"=>"8080", "SERVER_PROTOCOL"=>"HTTP/1.1", "SERVER_SOFTWARE"=>"WEBrick/1.3.1 (Ruby/2.3.3/2016-11-21)", "HTTP_HOST"=>"localhost:8080", "HTTP_X_FORWARDED_FOR"=>"http://swagger_doc:4567", "HTTP_X_FORWARDED_HOST"=>"localhost:8080", "HTTP_X_FORWARDED_SERVER"=>"localhost:8080", "HTTP_X_INTERNAL_ACCESS"=>"NG", "HTTP_CONNECTION"=>"close", "HTTP_UPGRADE_INSECURE_REQUESTS"=>"1", "HTTP_USER_AGENT"=>"Mozilla/5.0 (Macintosh; Intel Mac OS X 10_14_3) AppleWebKit/537.36 (KHTML, like Gecko) Chrome/74.0.3729.157 Safari/537.36", "HTTP_ACCEPT"=>"text/html,application/xhtml+xml,application/xml;q=0.9,image/webp,image/apng,*/*;q=0.8,application/signed-exchange;v=b3", "HTTP_ACCEPT_ENCODING"=>"gzip, deflate, br", "HTTP_ACCEPT_LANGUAGE"=>"ja,en-US;q=0.9,en;q=0.8", "HTTP_COOKIE"=>"rack.session=BAh7CEkiD3Nlc3Npb25faWQGOgZFVEkiRTJjZTI4NWI3OTU3MmQzY2NkMjg2%0AYjUyMGQxNDU0YjU0NDVmMWNiNjM0NTk3NmEzOTc3YTBlMTFlYmI3NzAxYjAG%0AOwBGSSIUb21uaWF1dGgucGFyYW1zBjsAVHsASSITb21uaWF1dGguc3RhdGUG%0AOwBUSSI1Y2M0NWE2Mjc0YThjM2FjNmI1OWViYWExZTA0ODdjNTM4ZDQ0MmI4%0AZGUwNDYxMTdlBjsARg%3D%3D%0A--e5d6ced281e86ae95e6e15a86457e2d0059927c0", "HTTP_VERSION"=>"HTTP/1.1"}
I, [2019-05-18T12:59:39.467790 #1]  INFO -- : Headerが渡ってきているかチェック
I, [2019-05-18T12:59:39.468184 #1]  INFO -- : {"Content-Type"=>nil}
I, [2019-05-18T12:59:39.468584 #1]  INFO -- : {"SERVER_NAME"=>"127.0.0.1", "SERVER_PORT"=>"8080", "SERVER_PROTOCOL"=>"HTTP/1.1", "SERVER_SOFTWARE"=>"WEBrick/1.3.1 (Ruby/2.3.3/2016-11-21)", "HTTP_HOST"=>"127.0.0.1:8080", "HTTP_X_FORWARDED_FOR"=>"http://swagger_doc:4567", "HTTP_X_FORWARDED_HOST"=>"127.0.0.1:8080", "HTTP_X_FORWARDED_SERVER"=>"127.0.0.1:8080", "HTTP_X_INTERNAL_ACCESS"=>"NG", "HTTP_CONNECTION"=>"close", "HTTP_UPGRADE_INSECURE_REQUESTS"=>"1", "HTTP_USER_AGENT"=>"Mozilla/5.0 (Macintosh; Intel Mac OS X 10_14_3) AppleWebKit/537.36 (KHTML, like Gecko) Chrome/74.0.3729.157 Safari/537.36", "HTTP_ACCEPT"=>"text/html,application/xhtml+xml,application/xml;q=0.9,image/webp,image/apng,*/*;q=0.8,application/signed-exchange;v=b3", "HTTP_ACCEPT_ENCODING"=>"gzip, deflate, br", "HTTP_ACCEPT_LANGUAGE"=>"ja,en-US;q=0.9,en;q=0.8", "HTTP_VERSION"=>"HTTP/1.1"}
I, [2019-05-18T13:02:54.862100 #1]  INFO -- : Headerが渡ってきているかチェック(callback)
I, [2019-05-18T13:02:54.863058 #1]  INFO -- : {"Content-Type"=>nil}
I, [2019-05-18T13:02:54.863305 #1]  INFO -- : {"SERVER_NAME"=>"localhost", "SERVER_PORT"=>"8080", "SERVER_PROTOCOL"=>"HTTP/1.1", "SERVER_SOFTWARE"=>"WEBrick/1.3.1 (Ruby/2.3.3/2016-11-21)", "HTTP_HOST"=>"localhost:8080", "HTTP_X_FORWARDED_FOR"=>"http://swagger_doc:4567", "HTTP_X_FORWARDED_HOST"=>"localhost:8080", "HTTP_X_FORWARDED_SERVER"=>"localhost:8080", "HTTP_X_INTERNAL_ACCESS"=>"OK", "HTTP_CONNECTION"=>"close", "HTTP_UPGRADE_INSECURE_REQUESTS"=>"1", "HTTP_USER_AGENT"=>"Mozilla/5.0 (Macintosh; Intel Mac OS X 10_14_3) AppleWebKit/537.36 (KHTML, like Gecko) Chrome/74.0.3729.157 Safari/537.36", "HTTP_ACCEPT"=>"text/html,application/xhtml+xml,application/xml;q=0.9,image/webp,image/apng,*/*;q=0.8,application/signed-exchange;v=b3", "HTTP_ACCEPT_ENCODING"=>"gzip, deflate, br", "HTTP_ACCEPT_LANGUAGE"=>"ja,en-US;q=0.9,en;q=0.8", "HTTP_COOKIE"=>"rack.session=BAh7CEkiD3Nlc3Npb25faWQGOgZFVEkiRTIwZDk2MzE4YzVkMTBlYTc3N2Zk%0AOTRmNTNkOGNlN2Q2Zjk2ZDlhMzU0NGNhNTRmN2EwYTE2MjY0YWEzODRjNTgG%0AOwBGSSIUb21uaWF1dGgucGFyYW1zBjsAVHsASSITb21uaWF1dGguc3RhdGUG%0AOwBUSSI1M2JhNTg1MGUzYjhlNDQ4ZjIzYmVjODg5ZTVkOWY1MzZhZTIxMGFm%0AMjU1ODdkNDViBjsARg%3D%3D%0A--ef4c67cbb89c61639abbff76566ad6ea0a77d739", "HTTP_VERSION"=>"HTTP/1.1"}
I, [2019-05-18T13:06:16.307493 #1]  INFO -- : Headerが渡ってきているかチェック(callback)
I, [2019-05-18T13:06:16.308104 #1]  INFO -- : {"Content-Type"=>nil}
I, [2019-05-18T13:06:16.308342 #1]  INFO -- : {"SERVER_NAME"=>"localhost", "SERVER_PORT"=>"8080", "SERVER_PROTOCOL"=>"HTTP/1.1", "SERVER_SOFTWARE"=>"WEBrick/1.3.1 (Ruby/2.3.3/2016-11-21)", "HTTP_HOST"=>"localhost:8080", "HTTP_X_FORWARDED_FOR"=>"http://swagger_doc:4567", "HTTP_X_FORWARDED_HOST"=>"localhost:8080", "HTTP_X_FORWARDED_SERVER"=>"localhost:8080", "HTTP_X_INTERNAL_ACCESS"=>"NG", "HTTP_CONNECTION"=>"close", "HTTP_CACHE_CONTROL"=>"max-age=0", "HTTP_UPGRADE_INSECURE_REQUESTS"=>"1", "HTTP_USER_AGENT"=>"Mozilla/5.0 (Macintosh; Intel Mac OS X 10_14_3) AppleWebKit/537.36 (KHTML, like Gecko) Chrome/74.0.3729.157 Safari/537.36", "HTTP_ACCEPT"=>"text/html,application/xhtml+xml,application/xml;q=0.9,image/webp,image/apng,*/*;q=0.8,application/signed-exchange;v=b3", "HTTP_ACCEPT_ENCODING"=>"gzip, deflate, br", "HTTP_ACCEPT_LANGUAGE"=>"ja,en-US;q=0.9,en;q=0.8", "HTTP_COOKIE"=>"rack.session=BAh7CEkiD3Nlc3Npb25faWQGOgZFVEkiRTc5MGI1MmI1ZDYyZmNlNGUzZDZj%0AOWQ5NWI4MjFlMTljNzJhNjdmMGFmNzliNGE1NmYwZjQ4ZGNlNmUyOWYyYTYG%0AOwBGSSIUb21uaWF1dGgucGFyYW1zBjsAVHsASSITb21uaWF1dGguc3RhdGUG%0AOwBUSSI1ZTk5MzgwZmIzM2Q2ZjAyMDRjZWQ5YzZiYjRhZWI3NDIwYzgzNTcz%0AOGFjYmIyODYwBjsARg%3D%3D%0A--906430004fdb6a89d45f5b10da964fbc1230213d", "HTTP_VERSION"=>"HTTP/1.1"}
